2025/02/14 06:40:13 [error] [exception.CHttpException.404] CHttpException: The system is unable to find the requested action "index.php". in C:\xampp\htdocs\yiiblog\framework\web\CController.php:486
Stack trace:
#0 C:\xampp\htdocs\yiiblog\framework\web\CController.php(270): CController->missingAction('index.php')
#1 C:\xampp\htdocs\yiiblog\framework\web\CWebApplication.php(282): CController->run('index.php')
#2 C:\xampp\htdocs\yiiblog\framework\web\CWebApplication.php(141): CWebApplication->runController('site/index.php')
#3 C:\xampp\htdocs\yiiblog\framework\base\CApplication.php(185): CWebApplication->processRequest()
#4 C:\xampp\htdocs\yiiblog\index.php(13): CApplication->run()
#5 {main}
REQUEST_URI=/yiiblog/index.php/site/index.php?r=gii
---
2025/02/14 06:40:26 [error] [exception.CHttpException.404] CHttpException: The system is unable to find the requested action "index.php". in C:\xampp\htdocs\yiiblog\framework\web\CController.php:486
Stack trace:
#0 C:\xampp\htdocs\yiiblog\framework\web\CController.php(270): CController->missingAction('index.php')
#1 C:\xampp\htdocs\yiiblog\framework\web\CWebApplication.php(282): CController->run('index.php')
#2 C:\xampp\htdocs\yiiblog\framework\web\CWebApplication.php(141): CWebApplication->runController('site/index.php/...')
#3 C:\xampp\htdocs\yiiblog\framework\base\CApplication.php(185): CWebApplication->processRequest()
#4 C:\xampp\htdocs\yiiblog\index.php(13): CApplication->run()
#5 {main}
REQUEST_URI=/yiiblog/index.php/site/index.php/gii
---
2025/02/14 07:28:17 [error] [exception.CException] CException: User and its behaviors do not have a method or closure named "validatePassword". in C:\xampp\htdocs\yiiblog\framework\base\CComponent.php:264
Stack trace:
#0 C:\xampp\htdocs\yiiblog\framework\db\ar\CActiveRecord.php(229): CComponent->__call('validatePasswor...', Array)
#1 C:\xampp\htdocs\yiiblog\protected\components\UserIdentity.php(38): CActiveRecord->__call('validatePasswor...', Array)
#2 C:\xampp\htdocs\yiiblog\protected\models\LoginForm.php(54): UserIdentity->authenticate()
#3 C:\xampp\htdocs\yiiblog\framework\validators\CInlineValidator.php(42): LoginForm->authenticate('password', Array)
#4 C:\xampp\htdocs\yiiblog\framework\validators\CValidator.php(201): CInlineValidator->validateAttribute(Object(LoginForm), 'password')
#5 C:\xampp\htdocs\yiiblog\framework\base\CModel.php(159): CValidator->validate(Object(LoginForm), Array)
#6 C:\xampp\htdocs\yiiblog\protected\controllers\SiteController.php(94): CModel->validate()
#7 C:\xampp\htdocs\yiiblog\framework\web\actions\CInlineAction.php(49): SiteController->actionLogin()
#8 C:\xampp\htdocs\yiiblog\framework\web\CController.php(308): CInlineAction->runWithParams(Array)
#9 C:\xampp\htdocs\yiiblog\framework\web\CController.php(286): CController->runAction(Object(CInlineAction))
#10 C:\xampp\htdocs\yiiblog\framework\web\CController.php(265): CController->runActionWithFilters(Object(CInlineAction), Array)
#11 C:\xampp\htdocs\yiiblog\framework\web\CWebApplication.php(282): CController->run('login')
#12 C:\xampp\htdocs\yiiblog\framework\web\CWebApplication.php(141): CWebApplication->runController('site/login')
#13 C:\xampp\htdocs\yiiblog\framework\base\CApplication.php(185): CWebApplication->processRequest()
#14 C:\xampp\htdocs\yiiblog\index.php(13): CApplication->run()
#15 {main}
REQUEST_URI=/yiiblog/index.php/site/login
HTTP_REFERER=http://localhost/yiiblog/index.php/site/login
---
